<?xml version="1.0" encoding="UTF-8"?>
<!-- Generated by org.testng.reporters.JUnitReportReporter -->
<testsuite hostname="LAPTOP-LIQ39GJJ" failures="0" tests="3" name="Test.DynamicTableAutomation" time="11.466" errors="0" timestamp="2023-11-06T12:13:07 IST" skipped="0">
  <testcase classname="Test.DynamicTableAutomation" name="testNavigateToTableDataButton" time="0.345"/>
  <system-out/>
  <testcase classname="Test.DynamicTableAutomation" name="testEnterDataAndRefreshTable" time="0.621"/>
  <system-out/>
  <testcase classname="Test.DynamicTableAutomation" name="testAssertionOfData" time="10.500"/>
  <system-out/>
</testsuite> <!-- Test.DynamicTableAutomation -->
