<?xml version="1.0" encoding="UTF-8"?>
<!-- Generated by org.testng.reporters.JUnitReportReporter -->
<testsuite hostname="LAPTOP-LIQ39GJJ" failures="0" tests="3" name="Test.TwoTwo" time="11.280" errors="0" timestamp="2023-11-05T22:40:44 IST" skipped="0">
  <testcase classname="Test.TwoTwo" name="testNavigateToTableDataButton" time="0.166"/>
  <system-out/>
  <testcase classname="Test.TwoTwo" name="testEnterDataAndRefreshTable" time="0.644"/>
  <system-out/>
  <testcase classname="Test.TwoTwo" name="testAssertionOfData" time="10.470"/>
  <system-out/>
</testsuite> <!-- Test.TwoTwo -->
