<?xml version="1.0" encoding="UTF-8"?>
<!-- Generated by org.testng.reporters.JUnitReportReporter -->
<testsuite hostname="LAPTOP-LIQ39GJJ" failures="0" tests="3" name="Test.ThreeThree" time="11.007" errors="0" timestamp="2023-11-06T12:11:15 IST" skipped="0">
  <testcase classname="Test.ThreeThree" name="testNavigateToTableDataButton" time="0.063"/>
  <system-out/>
  <testcase classname="Test.ThreeThree" name="testEnterDataAndRefreshTable" time="0.345"/>
  <system-out/>
  <testcase classname="Test.ThreeThree" name="testAssertionOfData" time="10.599"/>
  <system-out/>
</testsuite> <!-- Test.ThreeThree -->
