<?xml version="1.0" encoding="UTF-8"?>
<!-- Generated by org.testng.reporters.JUnitReportReporter -->
<testsuite hostname="LAPTOP-LIQ39GJJ" failures="0" tests="3" name="Test.DynamicTableAutomation" time="11.094" errors="0" timestamp="2023-11-06T12:18:21 IST" skipped="0">
  <testcase classname="Test.DynamicTableAutomation" name="testNavigateToTableDataButton" time="0.069"/>
  <system-out/>
  <testcase classname="Test.DynamicTableAutomation" name="testEnterDataAndRefreshTable" time="0.614"/>
  <system-out/>
  <testcase classname="Test.DynamicTableAutomation" name="testAssertionOfData" time="10.411"/>
  <system-out/>
</testsuite> <!-- Test.DynamicTableAutomation -->
